<?xml version="1.0" encoding="UTF-8"?>
<coverage generated="1743593275506" clover="3.2.0">
  <project timestamp="1743593275506" name="All files">
    <metrics statements="35" coveredstatements="31" conditionals="98" coveredconditionals="73" methods="13" coveredmethods="12" elements="146" coveredelements="116" complexity="0" loc="35" ncloc="35" packages="2" files="2" classes="2"/>
    <package name="QICheckBox">
      <metrics statements="3" coveredstatements="3" conditionals="11" coveredconditionals="9" methods="2" coveredmethods="2"/>
      <file name="QICheckBox.tsx" path="D:\React-kit\src\components\QICheckBox\QICheckBox.tsx">
        <metrics statements="3" coveredstatements="3" conditionals="11" coveredconditionals="9" methods="2" coveredmethods="2"/>
        <line num="34" count="1" type="stmt"/>
        <line num="48" count="9" type="stmt"/>
        <line num="63" count="2" type="stmt"/>
      </file>
    </package>
    <package name="QIList">
      <metrics statements="32" coveredstatements="28" conditionals="87" coveredconditionals="64" methods="11" coveredmethods="10"/>
      <file name="QIList.tsx" path="D:\React-kit\src\components\QIList\QIList.tsx">
        <metrics statements="32" coveredstatements="28" conditionals="87" coveredconditionals="64" methods="11" coveredmethods="10"/>
        <line num="47" count="1" type="stmt"/>
        <line num="66" count="14" type="stmt"/>
        <line num="67" count="14" type="stmt"/>
        <line num="69" count="14" type="stmt"/>
        <line num="70" count="14" type="stmt"/>
        <line num="73" count="14" type="stmt"/>
        <line num="74" count="72" type="cond" truecount="1" falsecount="1"/>
        <line num="75" count="72" type="cond" truecount="1" falsecount="1"/>
        <line num="76" count="72" type="stmt"/>
        <line num="79" count="14" type="stmt"/>
        <line num="80" count="74" type="stmt"/>
        <line num="81" count="74" type="cond" truecount="4" falsecount="0"/>
        <line num="82" count="2" type="stmt"/>
        <line num="83" count="2" type="stmt"/>
        <line num="84" count="2" type="cond" truecount="2" falsecount="2"/>
        <line num="85" count="2" type="stmt"/>
        <line num="87" count="0" type="cond" truecount="0" falsecount="3"/>
        <line num="90" count="72" type="cond" truecount="1" falsecount="2"/>
        <line num="92" count="74" type="cond" truecount="3" falsecount="1"/>
        <line num="95" count="14" type="stmt"/>
        <line num="100" count="41" type="stmt"/>
        <line num="111" count="1" type="stmt"/>
        <line num="134" count="26" type="stmt"/>
        <line num="139" count="2" type="stmt"/>
        <line num="140" count="2" type="stmt"/>
        <line num="141" count="2" type="cond" truecount="1" falsecount="1"/>
        <line num="142" count="0" type="cond" truecount="0" falsecount="2"/>
        <line num="145" count="0" type="stmt"/>
        <line num="156" count="82" type="stmt"/>
        <line num="165" count="1" type="stmt"/>
        <line num="184" count="0" type="cond" truecount="1" falsecount="1"/>
        <line num="205" count="1" type="stmt"/>
      </file>
    </package>
  </project>
</coverage>
