{"D:\\React-kit\\src\\components\\QICheckBox\\QICheckBox.tsx": {"path":"D:\\React-kit\\src\\components\\QICheckBox\\QICheckBox.tsx","statementMap":{"0":{"start":{"line":34,"column":53},"end":{"line":72,"column":1}},"1":{"start":{"line":48,"column":2},"end":{"line":71,"column":4}},"2":{"start":{"line":63,"column":26},"end":{"line":63,"column":41}}},"fnMap":{"0":{"name":"(anonymous_0)","decl":{"start":{"line":34,"column":53},"end":{"line":34,"column":54}},"loc":{"start":{"line":47,"column":6},"end":{"line":72,"column":1}},"line":47},"1":{"name":"(anonymous_1)","decl":{"start":{"line":63,"column":20},"end":{"line":63,"column":21}},"loc":{"start":{"line":63,"column":26},"end":{"line":63,"column":41}},"line":63}},"branchMap":{"0":{"loc":{"start":{"line":37,"column":2},"end":{"line":37,"column":12}},"type":"default-arg","locations":[{"start":{"line":37,"column":10},"end":{"line":37,"column":12}}],"line":37},"1":{"loc":{"start":{"line":39,"column":2},"end":{"line":39,"column":17}},"type":"default-arg","locations":[{"start":{"line":39,"column":14},"end":{"line":39,"column":17}}],"line":39},"2":{"loc":{"start":{"line":49,"column":51},"end":{"line":49,"column":66}},"type":"binary-expr","locations":[{"start":{"line":49,"column":51},"end":{"line":49,"column":60}},{"start":{"line":49,"column":64},"end":{"line":49,"column":66}}],"line":49},"3":{"loc":{"start":{"line":51,"column":40},"end":{"line":51,"column":56}},"type":"binary-expr","locations":[{"start":{"line":51,"column":40},"end":{"line":51,"column":50}},{"start":{"line":51,"column":54},"end":{"line":51,"column":56}}],"line":51},"4":{"loc":{"start":{"line":57,"column":51},"end":{"line":57,"column":70}},"type":"binary-expr","locations":[{"start":{"line":57,"column":51},"end":{"line":57,"column":64}},{"start":{"line":57,"column":68},"end":{"line":57,"column":70}}],"line":57},"5":{"loc":{"start":{"line":68,"column":9},"end":{"line":68,"column":83}},"type":"binary-expr","locations":[{"start":{"line":68,"column":9},"end":{"line":68,"column":18}},{"start":{"line":68,"column":22},"end":{"line":68,"column":27}},{"start":{"line":68,"column":31},"end":{"line":68,"column":83}}],"line":68}},"s":{"0":1,"1":9,"2":2},"f":{"0":9,"1":2},"b":{"0":[9],"1":[9],"2":[9,0],"3":[9,9],"4":[9,9],"5":[9,9,0]},"_coverageSchema":"1a1c01bbd47fc00a2c39e90264f33305004495a9","hash":"11940f37296490989077d2f168f14e674f620f00"}
,"D:\\React-kit\\src\\components\\QIList\\QIList.tsx": {"path":"D:\\React-kit\\src\\components\\QIList\\QIList.tsx","statementMap":{"0":{"start":{"line":47,"column":87},"end":{"line":203,"column":1}},"1":{"start":{"line":66,"column":34},"end":{"line":66,"column":55}},"2":{"start":{"line":67,"column":22},"end":{"line":67,"column":50}},"3":{"start":{"line":69,"column":2},"end":{"line":71,"column":13}},"4":{"start":{"line":70,"column":4},"end":{"line":70,"column":22}},"5":{"start":{"line":73,"column":25},"end":{"line":77,"column":3}},"6":{"start":{"line":74,"column":4},"end":{"line":74,"column":31}},"7":{"start":{"line":74,"column":20},"end":{"line":74,"column":31}},"8":{"start":{"line":75,"column":4},"end":{"line":75,"column":25}},"9":{"start":{"line":75,"column":15},"end":{"line":75,"column":25}},"10":{"start":{"line":76,"column":4},"end":{"line":76,"column":16}},"11":{"start":{"line":79,"column":21},"end":{"line":93,"column":3}},"12":{"start":{"line":80,"column":16},"end":{"line":80,"column":18}},"13":{"start":{"line":81,"column":4},"end":{"line":91,"column":5}},"14":{"start":{"line":82,"column":26},"end":{"line":82,"column":56}},"15":{"start":{"line":83,"column":32},"end":{"line":83,"column":50}},"16":{"start":{"line":84,"column":6},"end":{"line":88,"column":7}},"17":{"start":{"line":85,"column":8},"end":{"line":85,"column":28}},"18":{"start":{"line":87,"column":8},"end":{"line":87,"column":62}},"19":{"start":{"line":90,"column":6},"end":{"line":90,"column":60}},"20":{"start":{"line":92,"column":4},"end":{"line":92,"column":67}},"21":{"start":{"line":95,"column":2},"end":{"line":202,"column":4}},"22":{"start":{"line":100,"column":12},"end":{"line":115,"column":18}},"23":{"start":{"line":111,"column":34},"end":{"line":111,"column":62}},"24":{"start":{"line":134,"column":14},"end":{"line":196,"column":19}},"25":{"start":{"line":139,"column":18},"end":{"line":139,"column":53}},"26":{"start":{"line":140,"column":18},"end":{"line":146,"column":19}},"27":{"start":{"line":141,"column":20},"end":{"line":143,"column":21}},"28":{"start":{"line":142,"column":22},"end":{"line":142,"column":70}},"29":{"start":{"line":145,"column":20},"end":{"line":145,"column":35}},"30":{"start":{"line":156,"column":20},"end":{"line":192,"column":37}},"31":{"start":{"line":165,"column":44},"end":{"line":165,"column":78}},"32":{"start":{"line":184,"column":63},"end":{"line":184,"column":91}},"33":{"start":{"line":205,"column":0},"end":{"line":215,"column":2}}},"fnMap":{"0":{"name":"(anonymous_0)","decl":{"start":{"line":47,"column":87},"end":{"line":47,"column":88}},"loc":{"start":{"line":65,"column":6},"end":{"line":203,"column":1}},"line":65},"1":{"name":"(anonymous_1)","decl":{"start":{"line":69,"column":12},"end":{"line":69,"column":13}},"loc":{"start":{"line":69,"column":18},"end":{"line":71,"column":3}},"line":69},"2":{"name":"(anonymous_2)","decl":{"start":{"line":73,"column":25},"end":{"line":73,"column":26}},"loc":{"start":{"line":73,"column":40},"end":{"line":77,"column":3}},"line":73},"3":{"name":"(anonymous_3)","decl":{"start":{"line":79,"column":21},"end":{"line":79,"column":22}},"loc":{"start":{"line":79,"column":59},"end":{"line":93,"column":3}},"line":79},"4":{"name":"(anonymous_4)","decl":{"start":{"line":99,"column":23},"end":{"line":99,"column":24}},"loc":{"start":{"line":100,"column":12},"end":{"line":115,"column":18}},"line":100},"5":{"name":"(anonymous_5)","decl":{"start":{"line":111,"column":28},"end":{"line":111,"column":29}},"loc":{"start":{"line":111,"column":34},"end":{"line":111,"column":62}},"line":111},"6":{"name":"(anonymous_6)","decl":{"start":{"line":133,"column":25},"end":{"line":133,"column":26}},"loc":{"start":{"line":134,"column":14},"end":{"line":196,"column":19}},"line":134},"7":{"name":"(anonymous_7)","decl":{"start":{"line":138,"column":25},"end":{"line":138,"column":26}},"loc":{"start":{"line":138,"column":31},"end":{"line":147,"column":17}},"line":138},"8":{"name":"(anonymous_8)","decl":{"start":{"line":155,"column":31},"end":{"line":155,"column":32}},"loc":{"start":{"line":156,"column":20},"end":{"line":192,"column":37}},"line":156},"9":{"name":"(anonymous_9)","decl":{"start":{"line":165,"column":38},"end":{"line":165,"column":39}},"loc":{"start":{"line":165,"column":44},"end":{"line":165,"column":78}},"line":165},"10":{"name":"(anonymous_10)","decl":{"start":{"line":184,"column":57},"end":{"line":184,"column":58}},"loc":{"start":{"line":184,"column":63},"end":{"line":184,"column":91}},"line":184}},"branchMap":{"0":{"loc":{"start":{"line":52,"column":2},"end":{"line":52,"column":11}},"type":"default-arg","locations":[{"start":{"line":52,"column":9},"end":{"line":52,"column":11}}],"line":52},"1":{"loc":{"start":{"line":53,"column":2},"end":{"line":53,"column":13}},"type":"default-arg","locations":[{"start":{"line":53,"column":11},"end":{"line":53,"column":13}}],"line":53},"2":{"loc":{"start":{"line":55,"column":2},"end":{"line":55,"column":20}},"type":"default-arg","locations":[{"start":{"line":55,"column":14},"end":{"line":55,"column":20}}],"line":55},"3":{"loc":{"start":{"line":59,"column":2},"end":{"line":59,"column":22}},"type":"default-arg","locations":[{"start":{"line":59,"column":17},"end":{"line":59,"column":22}}],"line":59},"4":{"loc":{"start":{"line":62,"column":2},"end":{"line":62,"column":24}},"type":"default-arg","locations":[{"start":{"line":62,"column":20},"end":{"line":62,"column":24}}],"line":62},"5":{"loc":{"start":{"line":63,"column":2},"end":{"line":63,"column":27}},"type":"default-arg","locations":[{"start":{"line":63,"column":20},"end":{"line":63,"column":27}}],"line":63},"6":{"loc":{"start":{"line":74,"column":4},"end":{"line":74,"column":31}},"type":"if","locations":[{"start":{"line":74,"column":4},"end":{"line":74,"column":31}},{"start":{},"end":{}}],"line":74},"7":{"loc":{"start":{"line":75,"column":4},"end":{"line":75,"column":25}},"type":"if","locations":[{"start":{"line":75,"column":4},"end":{"line":75,"column":25}},{"start":{},"end":{}}],"line":75},"8":{"loc":{"start":{"line":81,"column":4},"end":{"line":91,"column":5}},"type":"if","locations":[{"start":{"line":81,"column":4},"end":{"line":91,"column":5}},{"start":{"line":89,"column":11},"end":{"line":91,"column":5}}],"line":81},"9":{"loc":{"start":{"line":81,"column":8},"end":{"line":81,"column":51}},"type":"binary-expr","locations":[{"start":{"line":81,"column":8},"end":{"line":81,"column":26}},{"start":{"line":81,"column":30},"end":{"line":81,"column":51}}],"line":81},"10":{"loc":{"start":{"line":84,"column":6},"end":{"line":88,"column":7}},"type":"if","locations":[{"start":{"line":84,"column":6},"end":{"line":88,"column":7}},{"start":{"line":86,"column":13},"end":{"line":88,"column":7}}],"line":84},"11":{"loc":{"start":{"line":84,"column":10},"end":{"line":84,"column":74}},"type":"binary-expr","locations":[{"start":{"line":84,"column":10},"end":{"line":84,"column":40}},{"start":{"line":84,"column":44},"end":{"line":84,"column":74}}],"line":84},"12":{"loc":{"start":{"line":87,"column":16},"end":{"line":87,"column":61}},"type":"binary-expr","locations":[{"start":{"line":87,"column":16},"end":{"line":87,"column":35}},{"start":{"line":87,"column":39},"end":{"line":87,"column":55}},{"start":{"line":87,"column":59},"end":{"line":87,"column":61}}],"line":87},"13":{"loc":{"start":{"line":90,"column":14},"end":{"line":90,"column":59}},"type":"binary-expr","locations":[{"start":{"line":90,"column":14},"end":{"line":90,"column":33}},{"start":{"line":90,"column":37},"end":{"line":90,"column":53}},{"start":{"line":90,"column":57},"end":{"line":90,"column":59}}],"line":90},"14":{"loc":{"start":{"line":92,"column":11},"end":{"line":92,"column":66}},"type":"cond-expr","locations":[{"start":{"line":92,"column":51},"end":{"line":92,"column":53}},{"start":{"line":92,"column":56},"end":{"line":92,"column":66}}],"line":92},"15":{"loc":{"start":{"line":92,"column":11},"end":{"line":92,"column":48}},"type":"binary-expr","locations":[{"start":{"line":92,"column":11},"end":{"line":92,"column":30}},{"start":{"line":92,"column":34},"end":{"line":92,"column":48}}],"line":92},"16":{"loc":{"start":{"line":96,"column":35},"end":{"line":96,"column":50}},"type":"binary-expr","locations":[{"start":{"line":96,"column":35},"end":{"line":96,"column":44}},{"start":{"line":96,"column":48},"end":{"line":96,"column":50}}],"line":96},"17":{"loc":{"start":{"line":96,"column":54},"end":{"line":96,"column":95}},"type":"cond-expr","locations":[{"start":{"line":96,"column":72},"end":{"line":96,"column":90}},{"start":{"line":96,"column":93},"end":{"line":96,"column":95}}],"line":96},"18":{"loc":{"start":{"line":97,"column":7},"end":{"line":118,"column":7}},"type":"binary-expr","locations":[{"start":{"line":97,"column":7},"end":{"line":97,"column":37}},{"start":{"line":98,"column":8},"end":{"line":117,"column":14}}],"line":97},"19":{"loc":{"start":{"line":103,"column":43},"end":{"line":103,"column":65}},"type":"binary-expr","locations":[{"start":{"line":103,"column":43},"end":{"line":103,"column":59}},{"start":{"line":103,"column":63},"end":{"line":103,"column":65}}],"line":103},"20":{"loc":{"start":{"line":107,"column":15},"end":{"line":113,"column":15}},"type":"binary-expr","locations":[{"start":{"line":107,"column":15},"end":{"line":107,"column":30}},{"start":{"line":107,"column":34},"end":{"line":107,"column":58}},{"start":{"line":108,"column":16},"end":{"line":112,"column":18}}],"line":107},"21":{"loc":{"start":{"line":110,"column":27},"end":{"line":110,"column":83}},"type":"binary-expr","locations":[{"start":{"line":110,"column":27},"end":{"line":110,"column":60}},{"start":{"line":110,"column":64},"end":{"line":110,"column":83}}],"line":110},"22":{"loc":{"start":{"line":130,"column":11},"end":{"line":198,"column":11}},"type":"cond-expr","locations":[{"start":{"line":131,"column":12},"end":{"line":131,"column":64}},{"start":{"line":133,"column":12},"end":{"line":197,"column":14}}],"line":130},"23":{"loc":{"start":{"line":137,"column":20},"end":{"line":137,"column":49}},"type":"binary-expr","locations":[{"start":{"line":137,"column":20},"end":{"line":137,"column":31}},{"start":{"line":137,"column":35},"end":{"line":137,"column":49}}],"line":137},"24":{"loc":{"start":{"line":141,"column":20},"end":{"line":143,"column":21}},"type":"if","locations":[{"start":{"line":141,"column":20},"end":{"line":143,"column":21}},{"start":{},"end":{}}],"line":141},"25":{"loc":{"start":{"line":142,"column":35},"end":{"line":142,"column":68}},"type":"binary-expr","locations":[{"start":{"line":142,"column":35},"end":{"line":142,"column":46}},{"start":{"line":142,"column":50},"end":{"line":142,"column":68}}],"line":142},"26":{"loc":{"start":{"line":148,"column":56},"end":{"line":148,"column":99}},"type":"cond-expr","locations":[{"start":{"line":148,"column":85},"end":{"line":148,"column":94}},{"start":{"line":148,"column":97},"end":{"line":148,"column":99}}],"line":148},"27":{"loc":{"start":{"line":148,"column":56},"end":{"line":148,"column":82}},"type":"binary-expr","locations":[{"start":{"line":148,"column":56},"end":{"line":148,"column":63}},{"start":{"line":148,"column":67},"end":{"line":148,"column":82}}],"line":148},"28":{"loc":{"start":{"line":151,"column":50},"end":{"line":151,"column":73}},"type":"binary-expr","locations":[{"start":{"line":151,"column":50},"end":{"line":151,"column":67}},{"start":{"line":151,"column":71},"end":{"line":151,"column":73}}],"line":151},"29":{"loc":{"start":{"line":152,"column":20},"end":{"line":152,"column":87}},"type":"cond-expr","locations":[{"start":{"line":152,"column":72},"end":{"line":152,"column":82}},{"start":{"line":152,"column":85},"end":{"line":152,"column":87}}],"line":152},"30":{"loc":{"start":{"line":152,"column":21},"end":{"line":152,"column":54}},"type":"binary-expr","locations":[{"start":{"line":152,"column":21},"end":{"line":152,"column":32}},{"start":{"line":152,"column":36},"end":{"line":152,"column":54}}],"line":152},"31":{"loc":{"start":{"line":157,"column":23},"end":{"line":169,"column":23}},"type":"binary-expr","locations":[{"start":{"line":157,"column":23},"end":{"line":157,"column":38}},{"start":{"line":157,"column":42},"end":{"line":157,"column":65}},{"start":{"line":157,"column":69},"end":{"line":157,"column":85}},{"start":{"line":158,"column":24},"end":{"line":168,"column":30}}],"line":157},"32":{"loc":{"start":{"line":160,"column":55},"end":{"line":160,"column":77}},"type":"binary-expr","locations":[{"start":{"line":160,"column":55},"end":{"line":160,"column":71}},{"start":{"line":160,"column":75},"end":{"line":160,"column":77}}],"line":160},"33":{"loc":{"start":{"line":170,"column":23},"end":{"line":178,"column":23}},"type":"binary-expr","locations":[{"start":{"line":170,"column":23},"end":{"line":170,"column":39}},{"start":{"line":170,"column":43},"end":{"line":170,"column":70}},{"start":{"line":170,"column":74},"end":{"line":170,"column":90}},{"start":{"line":171,"column":24},"end":{"line":177,"column":30}}],"line":170},"34":{"loc":{"start":{"line":173,"column":55},"end":{"line":173,"column":77}},"type":"binary-expr","locations":[{"start":{"line":173,"column":55},"end":{"line":173,"column":71}},{"start":{"line":173,"column":75},"end":{"line":173,"column":77}}],"line":173},"35":{"loc":{"start":{"line":179,"column":23},"end":{"line":191,"column":23}},"type":"binary-expr","locations":[{"start":{"line":179,"column":23},"end":{"line":179,"column":39}},{"start":{"line":179,"column":43},"end":{"line":179,"column":55}},{"start":{"line":180,"column":24},"end":{"line":190,"column":30}}],"line":179},"36":{"loc":{"start":{"line":182,"column":55},"end":{"line":182,"column":77}},"type":"binary-expr","locations":[{"start":{"line":182,"column":55},"end":{"line":182,"column":71}},{"start":{"line":182,"column":75},"end":{"line":182,"column":77}}],"line":182},"37":{"loc":{"start":{"line":184,"column":35},"end":{"line":184,"column":103}},"type":"cond-expr","locations":[{"start":{"line":184,"column":57},"end":{"line":184,"column":91}},{"start":{"line":184,"column":94},"end":{"line":184,"column":103}}],"line":184},"38":{"loc":{"start":{"line":187,"column":27},"end":{"line":189,"column":85}},"type":"cond-expr","locations":[{"start":{"line":188,"column":30},"end":{"line":188,"column":60}},{"start":{"line":189,"column":30},"end":{"line":189,"column":85}}],"line":187},"39":{"loc":{"start":{"line":187,"column":27},"end":{"line":187,"column":70}},"type":"binary-expr","locations":[{"start":{"line":187,"column":27},"end":{"line":187,"column":45}},{"start":{"line":187,"column":49},"end":{"line":187,"column":70}}],"line":187},"40":{"loc":{"start":{"line":189,"column":30},"end":{"line":189,"column":85}},"type":"binary-expr","locations":[{"start":{"line":189,"column":30},"end":{"line":189,"column":65}},{"start":{"line":189,"column":69},"end":{"line":189,"column":85}}],"line":189},"41":{"loc":{"start":{"line":195,"column":17},"end":{"line":195,"column":70}},"type":"binary-expr","locations":[{"start":{"line":195,"column":17},"end":{"line":195,"column":29}},{"start":{"line":195,"column":33},"end":{"line":195,"column":45}},{"start":{"line":195,"column":49},"end":{"line":195,"column":70}}],"line":195}},"s":{"0":1,"1":14,"2":14,"3":14,"4":14,"5":14,"6":72,"7":0,"8":72,"9":0,"10":72,"11":14,"12":74,"13":74,"14":2,"15":2,"16":2,"17":2,"18":0,"19":72,"20":74,"21":14,"22":41,"23":1,"24":26,"25":2,"26":2,"27":2,"28":0,"29":0,"30":82,"31":1,"32":0,"33":1},"f":{"0":14,"1":14,"2":72,"3":74,"4":41,"5":1,"6":26,"7":2,"8":82,"9":1,"10":0},"b":{"0":[0],"1":[0],"2":[14],"3":[13],"4":[0],"5":[0],"6":[0,72],"7":[0,72],"8":[2,72],"9":[74,2],"10":[2,0],"11":[2,0],"12":[0,0,0],"13":[72,0,0],"14":[0,74],"15":[74,74],"16":[14,14],"17":[14,0],"18":[14,13],"19":[41,41],"20":[41,3,3],"21":[3,0],"22":[1,13],"23":[26,0],"24":[0,2],"25":[0,0],"26":[13,13],"27":[26,26],"28":[26,26],"29":[1,25],"30":[26,0],"31":[82,6,6,6],"32":[6,6],"33":[82,76,2,2],"34":[2,2],"35":[82,76,74],"36":[74,74],"37":[0,74],"38":[2,72],"39":[74,2],"40":[72,0],"41":[26,2,2]},"_coverageSchema":"1a1c01bbd47fc00a2c39e90264f33305004495a9","hash":"c4d3bcb4378653d973440916ab9341303f2feef5"}
}
