TN:
SF:src\components\QICheckBox\QICheckBox.tsx
FN:34,(anonymous_0)
FN:63,(anonymous_1)
FNF:2
FNH:2
FNDA:9,(anonymous_0)
FNDA:2,(anonymous_1)
DA:34,1
DA:48,9
DA:63,2
LF:3
LH:3
BRDA:37,0,0,9
BRDA:39,1,0,9
BRDA:49,2,0,9
BRDA:49,2,1,0
BRDA:51,3,0,9
BRDA:51,3,1,9
BRDA:57,4,0,9
BRDA:57,4,1,9
BRDA:68,5,0,9
BRDA:68,5,1,9
BRDA:68,5,2,0
BRF:11
BRH:9
end_of_record
TN:
SF:src\components\QIList\QIList.tsx
FN:47,(anonymous_0)
FN:69,(anonymous_1)
FN:73,(anonymous_2)
FN:79,(anonymous_3)
FN:99,(anonymous_4)
FN:111,(anonymous_5)
FN:133,(anonymous_6)
FN:138,(anonymous_7)
FN:155,(anonymous_8)
FN:165,(anonymous_9)
FN:184,(anonymous_10)
FNF:11
FNH:10
FNDA:14,(anonymous_0)
FNDA:14,(anonymous_1)
FNDA:72,(anonymous_2)
FNDA:74,(anonymous_3)
FNDA:41,(anonymous_4)
FNDA:1,(anonymous_5)
FNDA:26,(anonymous_6)
FNDA:2,(anonymous_7)
FNDA:82,(anonymous_8)
FNDA:1,(anonymous_9)
FNDA:0,(anonymous_10)
DA:47,1
DA:66,14
DA:67,14
DA:69,14
DA:70,14
DA:73,14
DA:74,72
DA:75,72
DA:76,72
DA:79,14
DA:80,74
DA:81,74
DA:82,2
DA:83,2
DA:84,2
DA:85,2
DA:87,0
DA:90,72
DA:92,74
DA:95,14
DA:100,41
DA:111,1
DA:134,26
DA:139,2
DA:140,2
DA:141,2
DA:142,0
DA:145,0
DA:156,82
DA:165,1
DA:184,0
DA:205,1
LF:32
LH:28
BRDA:52,0,0,0
BRDA:53,1,0,0
BRDA:55,2,0,14
BRDA:59,3,0,13
BRDA:62,4,0,0
BRDA:63,5,0,0
BRDA:74,6,0,0
BRDA:74,6,1,72
BRDA:75,7,0,0
BRDA:75,7,1,72
BRDA:81,8,0,2
BRDA:81,8,1,72
BRDA:81,9,0,74
BRDA:81,9,1,2
BRDA:84,10,0,2
BRDA:84,10,1,0
BRDA:84,11,0,2
BRDA:84,11,1,0
BRDA:87,12,0,0
BRDA:87,12,1,0
BRDA:87,12,2,0
BRDA:90,13,0,72
BRDA:90,13,1,0
BRDA:90,13,2,0
BRDA:92,14,0,0
BRDA:92,14,1,74
BRDA:92,15,0,74
BRDA:92,15,1,74
BRDA:96,16,0,14
BRDA:96,16,1,14
BRDA:96,17,0,14
BRDA:96,17,1,0
BRDA:97,18,0,14
BRDA:97,18,1,13
BRDA:103,19,0,41
BRDA:103,19,1,41
BRDA:107,20,0,41
BRDA:107,20,1,3
BRDA:107,20,2,3
BRDA:110,21,0,3
BRDA:110,21,1,0
BRDA:130,22,0,1
BRDA:130,22,1,13
BRDA:137,23,0,26
BRDA:137,23,1,0
BRDA:141,24,0,0
BRDA:141,24,1,2
BRDA:142,25,0,0
BRDA:142,25,1,0
BRDA:148,26,0,13
BRDA:148,26,1,13
BRDA:148,27,0,26
BRDA:148,27,1,26
BRDA:151,28,0,26
BRDA:151,28,1,26
BRDA:152,29,0,1
BRDA:152,29,1,25
BRDA:152,30,0,26
BRDA:152,30,1,0
BRDA:157,31,0,82
BRDA:157,31,1,6
BRDA:157,31,2,6
BRDA:157,31,3,6
BRDA:160,32,0,6
BRDA:160,32,1,6
BRDA:170,33,0,82
BRDA:170,33,1,76
BRDA:170,33,2,2
BRDA:170,33,3,2
BRDA:173,34,0,2
BRDA:173,34,1,2
BRDA:179,35,0,82
BRDA:179,35,1,76
BRDA:179,35,2,74
BRDA:182,36,0,74
BRDA:182,36,1,74
BRDA:184,37,0,0
BRDA:184,37,1,74
BRDA:187,38,0,2
BRDA:187,38,1,72
BRDA:187,39,0,74
BRDA:187,39,1,2
BRDA:189,40,0,72
BRDA:189,40,1,0
BRDA:195,41,0,26
BRDA:195,41,1,2
BRDA:195,41,2,2
BRF:87
BRH:64
end_of_record
